
*** Running vivado
    with args -log main_calcolatrice.vds -m64 -product Vivado -mode batch -messageDb vivado.pb -notrace -source main_calcolatrice.tcl


ECHO disattivato.
ECHO disattivato.

****** Vivado v2023.2 (64-bit)
  **** SW Build 4029153 on Fri Oct 13 20:14:34 MDT 2023
  **** IP Build 4028589 on Sat Oct 14 00:45:43 MDT 2023
  **** SharedData Build 4025554 on Tue Oct 10 17:18:54 MDT 2023
    ** Copyright 1986-2022 Xilinx, Inc. All Rights Reserved.
    ** Copyright 2022-2023 Advanced Micro Devices, Inc. All Rights Reserved.

source main_calcolatrice.tcl -notrace
Command: read_checkpoint -auto_incremental -incremental C:/Users/maria/Desktop/calcolatrice_prova_divisione/main_calcolatrice.srcs/utils_1/imports/synth_1/main_calcolatrice.dcp
INFO: [Vivado 12-5825] Read reference checkpoint from C:/Users/maria/Desktop/calcolatrice_prova_divisione/main_calcolatrice.srcs/utils_1/imports/synth_1/main_calcolatrice.dcp for incremental synthesis
INFO: [Vivado 12-7989] Please ensure there are no constraint changes
Command: synth_design -top main_calcolatrice -part xc7a35tcpg236-1
Starting synth_design
Attempting to get a license for feature 'Synthesis' and/or device 'xc7a35t'
INFO: [Common 17-349] Got license for feature 'Synthesis' and/or device 'xc7a35t'
INFO: [Device 21-403] Loading part xc7a35tcpg236-1
INFO: [Designutils 20-5440] No compile time benefit to using incremental synthesis; A full resynthesis will be run
INFO: [Designutils 20-4379] Flow is switching to default flow due to incremental criteria not met. If you would like to alter this behaviour and have the flow terminate instead, please set the following parameter config_implementation {autoIncr.Synth.RejectBehavior Terminate}
INFO: [Synth 8-7079] Multithreading enabled for synth_design using a maximum of 2 processes.
INFO: [Synth 8-7078] Launching helper process for spawning children vivado processes
INFO: [Synth 8-7075] Helper process launched with PID 3208
---------------------------------------------------------------------------------
Starting RTL Elaboration : Time (s): cpu = 00:00:08 ; elapsed = 00:00:08 . Memory (MB): peak = 1288.473 ; gain = 440.773
---------------------------------------------------------------------------------
INFO: [Synth 8-638] synthesizing module 'main_calcolatrice' [C:/Users/maria/Desktop/calcolatrice_prova_divisione/main_calcolatrice.srcs/sources_1/new/main_calcolatrice.vhd:20]
INFO: [Synth 8-3491] module 'top_writing_input' declared at 'C:/Users/maria/Desktop/calcolatrice_prova_divisione/main_calcolatrice.srcs/sources_1/new/top_writing_input.vhd:5' bound to instance 'input_keyboard' of component 'top_writing_input' [C:/Users/maria/Desktop/calcolatrice_prova_divisione/main_calcolatrice.srcs/sources_1/new/main_calcolatrice.vhd:133]
INFO: [Synth 8-638] synthesizing module 'top_writing_input' [C:/Users/maria/Desktop/calcolatrice_prova_divisione/main_calcolatrice.srcs/sources_1/new/top_writing_input.vhd:19]
INFO: [Synth 8-3491] module 'read_input' declared at 'C:/Users/maria/Desktop/calcolatrice_prova_divisione/main_calcolatrice.srcs/sources_1/imports/sources_1/new/write_input.vhd:6' bound to instance 'ri' of component 'read_input' [C:/Users/maria/Desktop/calcolatrice_prova_divisione/main_calcolatrice.srcs/sources_1/new/top_writing_input.vhd:52]
INFO: [Synth 8-638] synthesizing module 'read_input' [C:/Users/maria/Desktop/calcolatrice_prova_divisione/main_calcolatrice.srcs/sources_1/imports/sources_1/new/write_input.vhd:22]
INFO: [Synth 8-256] done synthesizing module 'read_input' (0#1) [C:/Users/maria/Desktop/calcolatrice_prova_divisione/main_calcolatrice.srcs/sources_1/imports/sources_1/new/write_input.vhd:22]
INFO: [Synth 8-3491] module 'main_seven_segment_input' declared at 'C:/Users/maria/Desktop/calcolatrice_prova_divisione/main_calcolatrice.srcs/sources_1/imports/sources_1/imports/sources_1/new/main_seven_segment_input.vhd:4' bound to instance 'mssi' of component 'main_seven_segment_input' [C:/Users/maria/Desktop/calcolatrice_prova_divisione/main_calcolatrice.srcs/sources_1/new/top_writing_input.vhd:67]
INFO: [Synth 8-638] synthesizing module 'main_seven_segment_input' [C:/Users/maria/Desktop/calcolatrice_prova_divisione/main_calcolatrice.srcs/sources_1/imports/sources_1/imports/sources_1/new/main_seven_segment_input.vhd:13]
INFO: [Synth 8-3491] module 'display_cntrl' declared at 'C:/Users/maria/Desktop/calcolatrice_prova_divisione/main_calcolatrice.srcs/sources_1/imports/Downloads/display_cntrl.vhd:34' bound to instance 'Udisplay_cntrl' of component 'display_cntrl' [C:/Users/maria/Desktop/calcolatrice_prova_divisione/main_calcolatrice.srcs/sources_1/imports/sources_1/imports/sources_1/new/main_seven_segment_input.vhd:43]
INFO: [Synth 8-638] synthesizing module 'display_cntrl' [C:/Users/maria/Desktop/calcolatrice_prova_divisione/main_calcolatrice.srcs/sources_1/imports/Downloads/display_cntrl.vhd:40]
INFO: [Synth 8-256] done synthesizing module 'display_cntrl' (0#1) [C:/Users/maria/Desktop/calcolatrice_prova_divisione/main_calcolatrice.srcs/sources_1/imports/Downloads/display_cntrl.vhd:40]
INFO: [Synth 8-3491] module 'bin_to_7seg_input' declared at 'C:/Users/maria/Desktop/calcolatrice_prova_divisione/main_calcolatrice.srcs/sources_1/imports/sources_1/imports/sources_1/new/bin_to_7seg_input.vhd:6' bound to instance 'Ussd' of component 'bin_to_7seg_input' [C:/Users/maria/Desktop/calcolatrice_prova_divisione/main_calcolatrice.srcs/sources_1/imports/sources_1/imports/sources_1/new/main_seven_segment_input.vhd:48]
INFO: [Synth 8-638] synthesizing module 'bin_to_7seg_input' [C:/Users/maria/Desktop/calcolatrice_prova_divisione/main_calcolatrice.srcs/sources_1/imports/sources_1/imports/sources_1/new/bin_to_7seg_input.vhd:12]
INFO: [Synth 8-256] done synthesizing module 'bin_to_7seg_input' (0#1) [C:/Users/maria/Desktop/calcolatrice_prova_divisione/main_calcolatrice.srcs/sources_1/imports/sources_1/imports/sources_1/new/bin_to_7seg_input.vhd:12]
INFO: [Synth 8-3491] module 'seven_segment_decoder_input' declared at 'C:/Users/maria/Desktop/calcolatrice_prova_divisione/main_calcolatrice.srcs/sources_1/imports/sources_1/imports/sources_1/imports/new/sette_segmenti_codifica_input.vhd:5' bound to instance 'USEVEN_SEGMENT_DECODER' of component 'seven_segment_decoder_input' [C:/Users/maria/Desktop/calcolatrice_prova_divisione/main_calcolatrice.srcs/sources_1/imports/sources_1/imports/sources_1/new/main_seven_segment_input.vhd:52]
INFO: [Synth 8-638] synthesizing module 'seven_segment_decoder_input' [C:/Users/maria/Desktop/calcolatrice_prova_divisione/main_calcolatrice.srcs/sources_1/imports/sources_1/imports/sources_1/imports/new/sette_segmenti_codifica_input.vhd:14]
INFO: [Synth 8-226] default block is never used [C:/Users/maria/Desktop/calcolatrice_prova_divisione/main_calcolatrice.srcs/sources_1/imports/sources_1/imports/sources_1/imports/new/sette_segmenti_codifica_input.vhd:24]
INFO: [Synth 8-256] done synthesizing module 'seven_segment_decoder_input' (0#1) [C:/Users/maria/Desktop/calcolatrice_prova_divisione/main_calcolatrice.srcs/sources_1/imports/sources_1/imports/sources_1/imports/new/sette_segmenti_codifica_input.vhd:14]
INFO: [Synth 8-256] done synthesizing module 'main_seven_segment_input' (0#1) [C:/Users/maria/Desktop/calcolatrice_prova_divisione/main_calcolatrice.srcs/sources_1/imports/sources_1/imports/sources_1/new/main_seven_segment_input.vhd:13]
WARNING: [Synth 8-614] signal 'btn_reset' is read in the process but is not in the sensitivity list [C:/Users/maria/Desktop/calcolatrice_prova_divisione/main_calcolatrice.srcs/sources_1/new/top_writing_input.vhd:69]
INFO: [Synth 8-256] done synthesizing module 'top_writing_input' (0#1) [C:/Users/maria/Desktop/calcolatrice_prova_divisione/main_calcolatrice.srcs/sources_1/new/top_writing_input.vhd:19]
INFO: [Synth 8-3491] module 'demux1_to4' declared at 'C:/Users/maria/Desktop/calcolatrice_prova_divisione/main_calcolatrice.srcs/sources_1/new/demux1_to4.vhd:34' bound to instance 'demux1' of component 'demux1_to4' [C:/Users/maria/Desktop/calcolatrice_prova_divisione/main_calcolatrice.srcs/sources_1/new/main_calcolatrice.vhd:147]
INFO: [Synth 8-638] synthesizing module 'demux1_to4' [C:/Users/maria/Desktop/calcolatrice_prova_divisione/main_calcolatrice.srcs/sources_1/new/demux1_to4.vhd:43]
WARNING: [Synth 8-614] signal 'in14bit' is read in the process but is not in the sensitivity list [C:/Users/maria/Desktop/calcolatrice_prova_divisione/main_calcolatrice.srcs/sources_1/new/demux1_to4.vhd:46]
INFO: [Synth 8-256] done synthesizing module 'demux1_to4' (0#1) [C:/Users/maria/Desktop/calcolatrice_prova_divisione/main_calcolatrice.srcs/sources_1/new/demux1_to4.vhd:43]
INFO: [Synth 8-3491] module 'demux1_to4' declared at 'C:/Users/maria/Desktop/calcolatrice_prova_divisione/main_calcolatrice.srcs/sources_1/new/demux1_to4.vhd:34' bound to instance 'demux2' of component 'demux1_to4' [C:/Users/maria/Desktop/calcolatrice_prova_divisione/main_calcolatrice.srcs/sources_1/new/main_calcolatrice.vhd:156]
WARNING: [Synth 8-5640] Port 'reset' is missing in component declaration [C:/Users/maria/Desktop/calcolatrice_prova_divisione/main_calcolatrice.srcs/sources_1/new/main_calcolatrice.vhd:30]
INFO: [Synth 8-3491] module 'moltiplicatore' declared at 'C:/Users/maria/Desktop/calcolatrice_prova_divisione/main_calcolatrice.srcs/sources_1/imports/Downloads/moltiplicatore.vhd:36' bound to instance 'multiplier' of component 'moltiplicatore' [C:/Users/maria/Desktop/calcolatrice_prova_divisione/main_calcolatrice.srcs/sources_1/new/main_calcolatrice.vhd:164]
INFO: [Synth 8-638] synthesizing module 'moltiplicatore' [C:/Users/maria/Desktop/calcolatrice_prova_divisione/main_calcolatrice.srcs/sources_1/imports/Downloads/moltiplicatore.vhd:46]
INFO: [Synth 8-3491] module 'full_adder' declared at 'C:/Users/maria/Desktop/calcolatrice_prova_divisione/main_calcolatrice.srcs/sources_1/imports/new/full_adder.vhd:14' bound to instance 'u0' of component 'full_adder' [C:/Users/maria/Desktop/calcolatrice_prova_divisione/main_calcolatrice.srcs/sources_1/imports/Downloads/moltiplicatore.vhd:89]
INFO: [Synth 8-638] synthesizing module 'full_adder' [C:/Users/maria/Desktop/calcolatrice_prova_divisione/main_calcolatrice.srcs/sources_1/imports/new/full_adder.vhd:19]
INFO: [Synth 8-256] done synthesizing module 'full_adder' (0#1) [C:/Users/maria/Desktop/calcolatrice_prova_divisione/main_calcolatrice.srcs/sources_1/imports/new/full_adder.vhd:19]
INFO: [Synth 8-3491] module 'full_adder' declared at 'C:/Users/maria/Desktop/calcolatrice_prova_divisione/main_calcolatrice.srcs/sources_1/imports/new/full_adder.vhd:14' bound to instance 'u' of component 'full_adder' [C:/Users/maria/Desktop/calcolatrice_prova_divisione/main_calcolatrice.srcs/sources_1/imports/Downloads/moltiplicatore.vhd:92]
INFO: [Synth 8-3491] module 'full_adder' declared at 'C:/Users/maria/Desktop/calcolatrice_prova_divisione/main_calcolatrice.srcs/sources_1/imports/new/full_adder.vhd:14' bound to instance 'u' of component 'full_adder' [C:/Users/maria/Desktop/calcolatrice_prova_divisione/main_calcolatrice.srcs/sources_1/imports/Downloads/moltiplicatore.vhd:92]
INFO: [Synth 8-3491] module 'full_adder' declared at 'C:/Users/maria/Desktop/calcolatrice_prova_divisione/main_calcolatrice.srcs/sources_1/imports/new/full_adder.vhd:14' bound to instance 'u' of component 'full_adder' [C:/Users/maria/Desktop/calcolatrice_prova_divisione/main_calcolatrice.srcs/sources_1/imports/Downloads/moltiplicatore.vhd:92]
INFO: [Synth 8-3491] module 'full_adder' declared at 'C:/Users/maria/Desktop/calcolatrice_prova_divisione/main_calcolatrice.srcs/sources_1/imports/new/full_adder.vhd:14' bound to instance 'u' of component 'full_adder' [C:/Users/maria/Desktop/calcolatrice_prova_divisione/main_calcolatrice.srcs/sources_1/imports/Downloads/moltiplicatore.vhd:92]
INFO: [Synth 8-3491] module 'full_adder' declared at 'C:/Users/maria/Desktop/calcolatrice_prova_divisione/main_calcolatrice.srcs/sources_1/imports/new/full_adder.vhd:14' bound to instance 'u' of component 'full_adder' [C:/Users/maria/Desktop/calcolatrice_prova_divisione/main_calcolatrice.srcs/sources_1/imports/Downloads/moltiplicatore.vhd:92]
INFO: [Synth 8-3491] module 'full_adder' declared at 'C:/Users/maria/Desktop/calcolatrice_prova_divisione/main_calcolatrice.srcs/sources_1/imports/new/full_adder.vhd:14' bound to instance 'u' of component 'full_adder' [C:/Users/maria/Desktop/calcolatrice_prova_divisione/main_calcolatrice.srcs/sources_1/imports/Downloads/moltiplicatore.vhd:92]
INFO: [Synth 8-3491] module 'full_adder' declared at 'C:/Users/maria/Desktop/calcolatrice_prova_divisione/main_calcolatrice.srcs/sources_1/imports/new/full_adder.vhd:14' bound to instance 'u' of component 'full_adder' [C:/Users/maria/Desktop/calcolatrice_prova_divisione/main_calcolatrice.srcs/sources_1/imports/Downloads/moltiplicatore.vhd:92]
INFO: [Synth 8-3491] module 'full_adder' declared at 'C:/Users/maria/Desktop/calcolatrice_prova_divisione/main_calcolatrice.srcs/sources_1/imports/new/full_adder.vhd:14' bound to instance 'u' of component 'full_adder' [C:/Users/maria/Desktop/calcolatrice_prova_divisione/main_calcolatrice.srcs/sources_1/imports/Downloads/moltiplicatore.vhd:92]
INFO: [Synth 8-3491] module 'full_adder' declared at 'C:/Users/maria/Desktop/calcolatrice_prova_divisione/main_calcolatrice.srcs/sources_1/imports/new/full_adder.vhd:14' bound to instance 'u' of component 'full_adder' [C:/Users/maria/Desktop/calcolatrice_prova_divisione/main_calcolatrice.srcs/sources_1/imports/Downloads/moltiplicatore.vhd:92]
INFO: [Synth 8-3491] module 'full_adder' declared at 'C:/Users/maria/Desktop/calcolatrice_prova_divisione/main_calcolatrice.srcs/sources_1/imports/new/full_adder.vhd:14' bound to instance 'u' of component 'full_adder' [C:/Users/maria/Desktop/calcolatrice_prova_divisione/main_calcolatrice.srcs/sources_1/imports/Downloads/moltiplicatore.vhd:92]
INFO: [Synth 8-3491] module 'full_adder' declared at 'C:/Users/maria/Desktop/calcolatrice_prova_divisione/main_calcolatrice.srcs/sources_1/imports/new/full_adder.vhd:14' bound to instance 'u' of component 'full_adder' [C:/Users/maria/Desktop/calcolatrice_prova_divisione/main_calcolatrice.srcs/sources_1/imports/Downloads/moltiplicatore.vhd:92]
INFO: [Synth 8-3491] module 'full_adder' declared at 'C:/Users/maria/Desktop/calcolatrice_prova_divisione/main_calcolatrice.srcs/sources_1/imports/new/full_adder.vhd:14' bound to instance 'u' of component 'full_adder' [C:/Users/maria/Desktop/calcolatrice_prova_divisione/main_calcolatrice.srcs/sources_1/imports/Downloads/moltiplicatore.vhd:92]
INFO: [Synth 8-3491] module 'full_adder' declared at 'C:/Users/maria/Desktop/calcolatrice_prova_divisione/main_calcolatrice.srcs/sources_1/imports/new/full_adder.vhd:14' bound to instance 'u2' of component 'full_adder' [C:/Users/maria/Desktop/calcolatrice_prova_divisione/main_calcolatrice.srcs/sources_1/imports/Downloads/moltiplicatore.vhd:100]
INFO: [Synth 8-3491] module 'full_adder' declared at 'C:/Users/maria/Desktop/calcolatrice_prova_divisione/main_calcolatrice.srcs/sources_1/imports/new/full_adder.vhd:14' bound to instance 'u3' of component 'full_adder' [C:/Users/maria/Desktop/calcolatrice_prova_divisione/main_calcolatrice.srcs/sources_1/imports/Downloads/moltiplicatore.vhd:103]
INFO: [Synth 8-3491] module 'full_adder' declared at 'C:/Users/maria/Desktop/calcolatrice_prova_divisione/main_calcolatrice.srcs/sources_1/imports/new/full_adder.vhd:14' bound to instance 'u' of component 'full_adder' [C:/Users/maria/Desktop/calcolatrice_prova_divisione/main_calcolatrice.srcs/sources_1/imports/Downloads/moltiplicatore.vhd:106]
INFO: [Synth 8-3491] module 'full_adder' declared at 'C:/Users/maria/Desktop/calcolatrice_prova_divisione/main_calcolatrice.srcs/sources_1/imports/new/full_adder.vhd:14' bound to instance 'u' of component 'full_adder' [C:/Users/maria/Desktop/calcolatrice_prova_divisione/main_calcolatrice.srcs/sources_1/imports/Downloads/moltiplicatore.vhd:106]
INFO: [Synth 8-3491] module 'full_adder' declared at 'C:/Users/maria/Desktop/calcolatrice_prova_divisione/main_calcolatrice.srcs/sources_1/imports/new/full_adder.vhd:14' bound to instance 'u' of component 'full_adder' [C:/Users/maria/Desktop/calcolatrice_prova_divisione/main_calcolatrice.srcs/sources_1/imports/Downloads/moltiplicatore.vhd:106]
INFO: [Synth 8-3491] module 'full_adder' declared at 'C:/Users/maria/Desktop/calcolatrice_prova_divisione/main_calcolatrice.srcs/sources_1/imports/new/full_adder.vhd:14' bound to instance 'u' of component 'full_adder' [C:/Users/maria/Desktop/calcolatrice_prova_divisione/main_calcolatrice.srcs/sources_1/imports/Downloads/moltiplicatore.vhd:106]
INFO: [Synth 8-3491] module 'full_adder' declared at 'C:/Users/maria/Desktop/calcolatrice_prova_divisione/main_calcolatrice.srcs/sources_1/imports/new/full_adder.vhd:14' bound to instance 'u' of component 'full_adder' [C:/Users/maria/Desktop/calcolatrice_prova_divisione/main_calcolatrice.srcs/sources_1/imports/Downloads/moltiplicatore.vhd:106]
INFO: [Synth 8-3491] module 'full_adder' declared at 'C:/Users/maria/Desktop/calcolatrice_prova_divisione/main_calcolatrice.srcs/sources_1/imports/new/full_adder.vhd:14' bound to instance 'u' of component 'full_adder' [C:/Users/maria/Desktop/calcolatrice_prova_divisione/main_calcolatrice.srcs/sources_1/imports/Downloads/moltiplicatore.vhd:106]
INFO: [Synth 8-3491] module 'full_adder' declared at 'C:/Users/maria/Desktop/calcolatrice_prova_divisione/main_calcolatrice.srcs/sources_1/imports/new/full_adder.vhd:14' bound to instance 'u' of component 'full_adder' [C:/Users/maria/Desktop/calcolatrice_prova_divisione/main_calcolatrice.srcs/sources_1/imports/Downloads/moltiplicatore.vhd:106]
INFO: [Synth 8-3491] module 'full_adder' declared at 'C:/Users/maria/Desktop/calcolatrice_prova_divisione/main_calcolatrice.srcs/sources_1/imports/new/full_adder.vhd:14' bound to instance 'u' of component 'full_adder' [C:/Users/maria/Desktop/calcolatrice_prova_divisione/main_calcolatrice.srcs/sources_1/imports/Downloads/moltiplicatore.vhd:106]
INFO: [Synth 8-3491] module 'full_adder' declared at 'C:/Users/maria/Desktop/calcolatrice_prova_divisione/main_calcolatrice.srcs/sources_1/imports/new/full_adder.vhd:14' bound to instance 'u' of component 'full_adder' [C:/Users/maria/Desktop/calcolatrice_prova_divisione/main_calcolatrice.srcs/sources_1/imports/Downloads/moltiplicatore.vhd:106]
INFO: [Synth 8-3491] module 'full_adder' declared at 'C:/Users/maria/Desktop/calcolatrice_prova_divisione/main_calcolatrice.srcs/sources_1/imports/new/full_adder.vhd:14' bound to instance 'u' of component 'full_adder' [C:/Users/maria/Desktop/calcolatrice_prova_divisione/main_calcolatrice.srcs/sources_1/imports/Downloads/moltiplicatore.vhd:106]
INFO: [Synth 8-3491] module 'full_adder' declared at 'C:/Users/maria/Desktop/calcolatrice_prova_divisione/main_calcolatrice.srcs/sources_1/imports/new/full_adder.vhd:14' bound to instance 'u' of component 'full_adder' [C:/Users/maria/Desktop/calcolatrice_prova_divisione/main_calcolatrice.srcs/sources_1/imports/Downloads/moltiplicatore.vhd:106]
INFO: [Synth 8-3491] module 'full_adder' declared at 'C:/Users/maria/Desktop/calcolatrice_prova_divisione/main_calcolatrice.srcs/sources_1/imports/new/full_adder.vhd:14' bound to instance 'u' of component 'full_adder' [C:/Users/maria/Desktop/calcolatrice_prova_divisione/main_calcolatrice.srcs/sources_1/imports/Downloads/moltiplicatore.vhd:106]
INFO: [Synth 8-3491] module 'full_adder' declared at 'C:/Users/maria/Desktop/calcolatrice_prova_divisione/main_calcolatrice.srcs/sources_1/imports/new/full_adder.vhd:14' bound to instance 'u4' of component 'full_adder' [C:/Users/maria/Desktop/calcolatrice_prova_divisione/main_calcolatrice.srcs/sources_1/imports/Downloads/moltiplicatore.vhd:114]
INFO: [Synth 8-3491] module 'full_adder' declared at 'C:/Users/maria/Desktop/calcolatrice_prova_divisione/main_calcolatrice.srcs/sources_1/imports/new/full_adder.vhd:14' bound to instance 'u5' of component 'full_adder' [C:/Users/maria/Desktop/calcolatrice_prova_divisione/main_calcolatrice.srcs/sources_1/imports/Downloads/moltiplicatore.vhd:117]
INFO: [Synth 8-3491] module 'full_adder' declared at 'C:/Users/maria/Desktop/calcolatrice_prova_divisione/main_calcolatrice.srcs/sources_1/imports/new/full_adder.vhd:14' bound to instance 'u' of component 'full_adder' [C:/Users/maria/Desktop/calcolatrice_prova_divisione/main_calcolatrice.srcs/sources_1/imports/Downloads/moltiplicatore.vhd:120]
INFO: [Synth 8-3491] module 'full_adder' declared at 'C:/Users/maria/Desktop/calcolatrice_prova_divisione/main_calcolatrice.srcs/sources_1/imports/new/full_adder.vhd:14' bound to instance 'u' of component 'full_adder' [C:/Users/maria/Desktop/calcolatrice_prova_divisione/main_calcolatrice.srcs/sources_1/imports/Downloads/moltiplicatore.vhd:120]
INFO: [Synth 8-3491] module 'full_adder' declared at 'C:/Users/maria/Desktop/calcolatrice_prova_divisione/main_calcolatrice.srcs/sources_1/imports/new/full_adder.vhd:14' bound to instance 'u' of component 'full_adder' [C:/Users/maria/Desktop/calcolatrice_prova_divisione/main_calcolatrice.srcs/sources_1/imports/Downloads/moltiplicatore.vhd:120]
INFO: [Synth 8-3491] module 'full_adder' declared at 'C:/Users/maria/Desktop/calcolatrice_prova_divisione/main_calcolatrice.srcs/sources_1/imports/new/full_adder.vhd:14' bound to instance 'u' of component 'full_adder' [C:/Users/maria/Desktop/calcolatrice_prova_divisione/main_calcolatrice.srcs/sources_1/imports/Downloads/moltiplicatore.vhd:120]
INFO: [Synth 8-3491] module 'full_adder' declared at 'C:/Users/maria/Desktop/calcolatrice_prova_divisione/main_calcolatrice.srcs/sources_1/imports/new/full_adder.vhd:14' bound to instance 'u' of component 'full_adder' [C:/Users/maria/Desktop/calcolatrice_prova_divisione/main_calcolatrice.srcs/sources_1/imports/Downloads/moltiplicatore.vhd:120]
INFO: [Synth 8-3491] module 'full_adder' declared at 'C:/Users/maria/Desktop/calcolatrice_prova_divisione/main_calcolatrice.srcs/sources_1/imports/new/full_adder.vhd:14' bound to instance 'u' of component 'full_adder' [C:/Users/maria/Desktop/calcolatrice_prova_divisione/main_calcolatrice.srcs/sources_1/imports/Downloads/moltiplicatore.vhd:120]
INFO: [Synth 8-3491] module 'full_adder' declared at 'C:/Users/maria/Desktop/calcolatrice_prova_divisione/main_calcolatrice.srcs/sources_1/imports/new/full_adder.vhd:14' bound to instance 'u' of component 'full_adder' [C:/Users/maria/Desktop/calcolatrice_prova_divisione/main_calcolatrice.srcs/sources_1/imports/Downloads/moltiplicatore.vhd:120]
INFO: [Synth 8-3491] module 'full_adder' declared at 'C:/Users/maria/Desktop/calcolatrice_prova_divisione/main_calcolatrice.srcs/sources_1/imports/new/full_adder.vhd:14' bound to instance 'u' of component 'full_adder' [C:/Users/maria/Desktop/calcolatrice_prova_divisione/main_calcolatrice.srcs/sources_1/imports/Downloads/moltiplicatore.vhd:120]
INFO: [Synth 8-3491] module 'full_adder' declared at 'C:/Users/maria/Desktop/calcolatrice_prova_divisione/main_calcolatrice.srcs/sources_1/imports/new/full_adder.vhd:14' bound to instance 'u' of component 'full_adder' [C:/Users/maria/Desktop/calcolatrice_prova_divisione/main_calcolatrice.srcs/sources_1/imports/Downloads/moltiplicatore.vhd:120]
INFO: [Synth 8-3491] module 'full_adder' declared at 'C:/Users/maria/Desktop/calcolatrice_prova_divisione/main_calcolatrice.srcs/sources_1/imports/new/full_adder.vhd:14' bound to instance 'u' of component 'full_adder' [C:/Users/maria/Desktop/calcolatrice_prova_divisione/main_calcolatrice.srcs/sources_1/imports/Downloads/moltiplicatore.vhd:120]
INFO: [Synth 8-3491] module 'full_adder' declared at 'C:/Users/maria/Desktop/calcolatrice_prova_divisione/main_calcolatrice.srcs/sources_1/imports/new/full_adder.vhd:14' bound to instance 'u' of component 'full_adder' [C:/Users/maria/Desktop/calcolatrice_prova_divisione/main_calcolatrice.srcs/sources_1/imports/Downloads/moltiplicatore.vhd:120]
INFO: [Synth 8-3491] module 'full_adder' declared at 'C:/Users/maria/Desktop/calcolatrice_prova_divisione/main_calcolatrice.srcs/sources_1/imports/new/full_adder.vhd:14' bound to instance 'u' of component 'full_adder' [C:/Users/maria/Desktop/calcolatrice_prova_divisione/main_calcolatrice.srcs/sources_1/imports/Downloads/moltiplicatore.vhd:120]
INFO: [Synth 8-3491] module 'full_adder' declared at 'C:/Users/maria/Desktop/calcolatrice_prova_divisione/main_calcolatrice.srcs/sources_1/imports/new/full_adder.vhd:14' bound to instance 'u6' of component 'full_adder' [C:/Users/maria/Desktop/calcolatrice_prova_divisione/main_calcolatrice.srcs/sources_1/imports/Downloads/moltiplicatore.vhd:128]
INFO: [Synth 8-3491] module 'full_adder' declared at 'C:/Users/maria/Desktop/calcolatrice_prova_divisione/main_calcolatrice.srcs/sources_1/imports/new/full_adder.vhd:14' bound to instance 'u7' of component 'full_adder' [C:/Users/maria/Desktop/calcolatrice_prova_divisione/main_calcolatrice.srcs/sources_1/imports/Downloads/moltiplicatore.vhd:132]
INFO: [Synth 8-3491] module 'full_adder' declared at 'C:/Users/maria/Desktop/calcolatrice_prova_divisione/main_calcolatrice.srcs/sources_1/imports/new/full_adder.vhd:14' bound to instance 'u' of component 'full_adder' [C:/Users/maria/Desktop/calcolatrice_prova_divisione/main_calcolatrice.srcs/sources_1/imports/Downloads/moltiplicatore.vhd:135]
INFO: [Synth 8-3491] module 'full_adder' declared at 'C:/Users/maria/Desktop/calcolatrice_prova_divisione/main_calcolatrice.srcs/sources_1/imports/new/full_adder.vhd:14' bound to instance 'u' of component 'full_adder' [C:/Users/maria/Desktop/calcolatrice_prova_divisione/main_calcolatrice.srcs/sources_1/imports/Downloads/moltiplicatore.vhd:135]
INFO: [Synth 8-3491] module 'full_adder' declared at 'C:/Users/maria/Desktop/calcolatrice_prova_divisione/main_calcolatrice.srcs/sources_1/imports/new/full_adder.vhd:14' bound to instance 'u' of component 'full_adder' [C:/Users/maria/Desktop/calcolatrice_prova_divisione/main_calcolatrice.srcs/sources_1/imports/Downloads/moltiplicatore.vhd:135]
INFO: [Synth 8-3491] module 'full_adder' declared at 'C:/Users/maria/Desktop/calcolatrice_prova_divisione/main_calcolatrice.srcs/sources_1/imports/new/full_adder.vhd:14' bound to instance 'u' of component 'full_adder' [C:/Users/maria/Desktop/calcolatrice_prova_divisione/main_calcolatrice.srcs/sources_1/imports/Downloads/moltiplicatore.vhd:135]
INFO: [Synth 8-3491] module 'full_adder' declared at 'C:/Users/maria/Desktop/calcolatrice_prova_divisione/main_calcolatrice.srcs/sources_1/imports/new/full_adder.vhd:14' bound to instance 'u' of component 'full_adder' [C:/Users/maria/Desktop/calcolatrice_prova_divisione/main_calcolatrice.srcs/sources_1/imports/Downloads/moltiplicatore.vhd:135]
INFO: [Synth 8-3491] module 'full_adder' declared at 'C:/Users/maria/Desktop/calcolatrice_prova_divisione/main_calcolatrice.srcs/sources_1/imports/new/full_adder.vhd:14' bound to instance 'u' of component 'full_adder' [C:/Users/maria/Desktop/calcolatrice_prova_divisione/main_calcolatrice.srcs/sources_1/imports/Downloads/moltiplicatore.vhd:135]
INFO: [Synth 8-3491] module 'full_adder' declared at 'C:/Users/maria/Desktop/calcolatrice_prova_divisione/main_calcolatrice.srcs/sources_1/imports/new/full_adder.vhd:14' bound to instance 'u' of component 'full_adder' [C:/Users/maria/Desktop/calcolatrice_prova_divisione/main_calcolatrice.srcs/sources_1/imports/Downloads/moltiplicatore.vhd:135]
INFO: [Synth 8-3491] module 'full_adder' declared at 'C:/Users/maria/Desktop/calcolatrice_prova_divisione/main_calcolatrice.srcs/sources_1/imports/new/full_adder.vhd:14' bound to instance 'u' of component 'full_adder' [C:/Users/maria/Desktop/calcolatrice_prova_divisione/main_calcolatrice.srcs/sources_1/imports/Downloads/moltiplicatore.vhd:135]
INFO: [Synth 8-3491] module 'full_adder' declared at 'C:/Users/maria/Desktop/calcolatrice_prova_divisione/main_calcolatrice.srcs/sources_1/imports/new/full_adder.vhd:14' bound to instance 'u' of component 'full_adder' [C:/Users/maria/Desktop/calcolatrice_prova_divisione/main_calcolatrice.srcs/sources_1/imports/Downloads/moltiplicatore.vhd:135]
INFO: [Synth 8-3491] module 'full_adder' declared at 'C:/Users/maria/Desktop/calcolatrice_prova_divisione/main_calcolatrice.srcs/sources_1/imports/new/full_adder.vhd:14' bound to instance 'u' of component 'full_adder' [C:/Users/maria/Desktop/calcolatrice_prova_divisione/main_calcolatrice.srcs/sources_1/imports/Downloads/moltiplicatore.vhd:135]
INFO: [Synth 8-3491] module 'full_adder' declared at 'C:/Users/maria/Desktop/calcolatrice_prova_divisione/main_calcolatrice.srcs/sources_1/imports/new/full_adder.vhd:14' bound to instance 'u' of component 'full_adder' [C:/Users/maria/Desktop/calcolatrice_prova_divisione/main_calcolatrice.srcs/sources_1/imports/Downloads/moltiplicatore.vhd:135]
INFO: [Synth 8-3491] module 'full_adder' declared at 'C:/Users/maria/Desktop/calcolatrice_prova_divisione/main_calcolatrice.srcs/sources_1/imports/new/full_adder.vhd:14' bound to instance 'u' of component 'full_adder' [C:/Users/maria/Desktop/calcolatrice_prova_divisione/main_calcolatrice.srcs/sources_1/imports/Downloads/moltiplicatore.vhd:135]
INFO: [Synth 8-3491] module 'full_adder' declared at 'C:/Users/maria/Desktop/calcolatrice_prova_divisione/main_calcolatrice.srcs/sources_1/imports/new/full_adder.vhd:14' bound to instance 'u8' of component 'full_adder' [C:/Users/maria/Desktop/calcolatrice_prova_divisione/main_calcolatrice.srcs/sources_1/imports/Downloads/moltiplicatore.vhd:143]
INFO: [Synth 8-3491] module 'full_adder' declared at 'C:/Users/maria/Desktop/calcolatrice_prova_divisione/main_calcolatrice.srcs/sources_1/imports/new/full_adder.vhd:14' bound to instance 'u9' of component 'full_adder' [C:/Users/maria/Desktop/calcolatrice_prova_divisione/main_calcolatrice.srcs/sources_1/imports/Downloads/moltiplicatore.vhd:147]
INFO: [Synth 8-3491] module 'full_adder' declared at 'C:/Users/maria/Desktop/calcolatrice_prova_divisione/main_calcolatrice.srcs/sources_1/imports/new/full_adder.vhd:14' bound to instance 'u' of component 'full_adder' [C:/Users/maria/Desktop/calcolatrice_prova_divisione/main_calcolatrice.srcs/sources_1/imports/Downloads/moltiplicatore.vhd:150]
INFO: [Synth 8-3491] module 'full_adder' declared at 'C:/Users/maria/Desktop/calcolatrice_prova_divisione/main_calcolatrice.srcs/sources_1/imports/new/full_adder.vhd:14' bound to instance 'u' of component 'full_adder' [C:/Users/maria/Desktop/calcolatrice_prova_divisione/main_calcolatrice.srcs/sources_1/imports/Downloads/moltiplicatore.vhd:150]
INFO: [Synth 8-3491] module 'full_adder' declared at 'C:/Users/maria/Desktop/calcolatrice_prova_divisione/main_calcolatrice.srcs/sources_1/imports/new/full_adder.vhd:14' bound to instance 'u' of component 'full_adder' [C:/Users/maria/Desktop/calcolatrice_prova_divisione/main_calcolatrice.srcs/sources_1/imports/Downloads/moltiplicatore.vhd:150]
INFO: [Synth 8-3491] module 'full_adder' declared at 'C:/Users/maria/Desktop/calcolatrice_prova_divisione/main_calcolatrice.srcs/sources_1/imports/new/full_adder.vhd:14' bound to instance 'u' of component 'full_adder' [C:/Users/maria/Desktop/calcolatrice_prova_divisione/main_calcolatrice.srcs/sources_1/imports/Downloads/moltiplicatore.vhd:150]
INFO: [Synth 8-3491] module 'full_adder' declared at 'C:/Users/maria/Desktop/calcolatrice_prova_divisione/main_calcolatrice.srcs/sources_1/imports/new/full_adder.vhd:14' bound to instance 'u' of component 'full_adder' [C:/Users/maria/Desktop/calcolatrice_prova_divisione/main_calcolatrice.srcs/sources_1/imports/Downloads/moltiplicatore.vhd:150]
INFO: [Synth 8-3491] module 'full_adder' declared at 'C:/Users/maria/Desktop/calcolatrice_prova_divisione/main_calcolatrice.srcs/sources_1/imports/new/full_adder.vhd:14' bound to instance 'u' of component 'full_adder' [C:/Users/maria/Desktop/calcolatrice_prova_divisione/main_calcolatrice.srcs/sources_1/imports/Downloads/moltiplicatore.vhd:150]
INFO: [Synth 8-3491] module 'full_adder' declared at 'C:/Users/maria/Desktop/calcolatrice_prova_divisione/main_calcolatrice.srcs/sources_1/imports/new/full_adder.vhd:14' bound to instance 'u' of component 'full_adder' [C:/Users/maria/Desktop/calcolatrice_prova_divisione/main_calcolatrice.srcs/sources_1/imports/Downloads/moltiplicatore.vhd:150]
INFO: [Synth 8-3491] module 'full_adder' declared at 'C:/Users/maria/Desktop/calcolatrice_prova_divisione/main_calcolatrice.srcs/sources_1/imports/new/full_adder.vhd:14' bound to instance 'u' of component 'full_adder' [C:/Users/maria/Desktop/calcolatrice_prova_divisione/main_calcolatrice.srcs/sources_1/imports/Downloads/moltiplicatore.vhd:150]
INFO: [Synth 8-3491] module 'full_adder' declared at 'C:/Users/maria/Desktop/calcolatrice_prova_divisione/main_calcolatrice.srcs/sources_1/imports/new/full_adder.vhd:14' bound to instance 'u' of component 'full_adder' [C:/Users/maria/Desktop/calcolatrice_prova_divisione/main_calcolatrice.srcs/sources_1/imports/Downloads/moltiplicatore.vhd:150]
INFO: [Synth 8-3491] module 'full_adder' declared at 'C:/Users/maria/Desktop/calcolatrice_prova_divisione/main_calcolatrice.srcs/sources_1/imports/new/full_adder.vhd:14' bound to instance 'u' of component 'full_adder' [C:/Users/maria/Desktop/calcolatrice_prova_divisione/main_calcolatrice.srcs/sources_1/imports/Downloads/moltiplicatore.vhd:150]
INFO: [Synth 8-3491] module 'full_adder' declared at 'C:/Users/maria/Desktop/calcolatrice_prova_divisione/main_calcolatrice.srcs/sources_1/imports/new/full_adder.vhd:14' bound to instance 'u' of component 'full_adder' [C:/Users/maria/Desktop/calcolatrice_prova_divisione/main_calcolatrice.srcs/sources_1/imports/Downloads/moltiplicatore.vhd:150]
INFO: [Synth 8-3491] module 'full_adder' declared at 'C:/Users/maria/Desktop/calcolatrice_prova_divisione/main_calcolatrice.srcs/sources_1/imports/new/full_adder.vhd:14' bound to instance 'u' of component 'full_adder' [C:/Users/maria/Desktop/calcolatrice_prova_divisione/main_calcolatrice.srcs/sources_1/imports/Downloads/moltiplicatore.vhd:150]
INFO: [Synth 8-3491] module 'full_adder' declared at 'C:/Users/maria/Desktop/calcolatrice_prova_divisione/main_calcolatrice.srcs/sources_1/imports/new/full_adder.vhd:14' bound to instance 'u10' of component 'full_adder' [C:/Users/maria/Desktop/calcolatrice_prova_divisione/main_calcolatrice.srcs/sources_1/imports/Downloads/moltiplicatore.vhd:158]
INFO: [Synth 8-3491] module 'full_adder' declared at 'C:/Users/maria/Desktop/calcolatrice_prova_divisione/main_calcolatrice.srcs/sources_1/imports/new/full_adder.vhd:14' bound to instance 'u11' of component 'full_adder' [C:/Users/maria/Desktop/calcolatrice_prova_divisione/main_calcolatrice.srcs/sources_1/imports/Downloads/moltiplicatore.vhd:163]
INFO: [Synth 8-3491] module 'full_adder' declared at 'C:/Users/maria/Desktop/calcolatrice_prova_divisione/main_calcolatrice.srcs/sources_1/imports/new/full_adder.vhd:14' bound to instance 'u' of component 'full_adder' [C:/Users/maria/Desktop/calcolatrice_prova_divisione/main_calcolatrice.srcs/sources_1/imports/Downloads/moltiplicatore.vhd:166]
INFO: [Synth 8-3491] module 'full_adder' declared at 'C:/Users/maria/Desktop/calcolatrice_prova_divisione/main_calcolatrice.srcs/sources_1/imports/new/full_adder.vhd:14' bound to instance 'u' of component 'full_adder' [C:/Users/maria/Desktop/calcolatrice_prova_divisione/main_calcolatrice.srcs/sources_1/imports/Downloads/moltiplicatore.vhd:166]
INFO: [Synth 8-3491] module 'full_adder' declared at 'C:/Users/maria/Desktop/calcolatrice_prova_divisione/main_calcolatrice.srcs/sources_1/imports/new/full_adder.vhd:14' bound to instance 'u' of component 'full_adder' [C:/Users/maria/Desktop/calcolatrice_prova_divisione/main_calcolatrice.srcs/sources_1/imports/Downloads/moltiplicatore.vhd:166]
INFO: [Synth 8-3491] module 'full_adder' declared at 'C:/Users/maria/Desktop/calcolatrice_prova_divisione/main_calcolatrice.srcs/sources_1/imports/new/full_adder.vhd:14' bound to instance 'u' of component 'full_adder' [C:/Users/maria/Desktop/calcolatrice_prova_divisione/main_calcolatrice.srcs/sources_1/imports/Downloads/moltiplicatore.vhd:166]
INFO: [Synth 8-3491] module 'full_adder' declared at 'C:/Users/maria/Desktop/calcolatrice_prova_divisione/main_calcolatrice.srcs/sources_1/imports/new/full_adder.vhd:14' bound to instance 'u' of component 'full_adder' [C:/Users/maria/Desktop/calcolatrice_prova_divisione/main_calcolatrice.srcs/sources_1/imports/Downloads/moltiplicatore.vhd:166]
INFO: [Synth 8-3491] module 'full_adder' declared at 'C:/Users/maria/Desktop/calcolatrice_prova_divisione/main_calcolatrice.srcs/sources_1/imports/new/full_adder.vhd:14' bound to instance 'u' of component 'full_adder' [C:/Users/maria/Desktop/calcolatrice_prova_divisione/main_calcolatrice.srcs/sources_1/imports/Downloads/moltiplicatore.vhd:166]
INFO: [Synth 8-3491] module 'full_adder' declared at 'C:/Users/maria/Desktop/calcolatrice_prova_divisione/main_calcolatrice.srcs/sources_1/imports/new/full_adder.vhd:14' bound to instance 'u' of component 'full_adder' [C:/Users/maria/Desktop/calcolatrice_prova_divisione/main_calcolatrice.srcs/sources_1/imports/Downloads/moltiplicatore.vhd:166]
INFO: [Synth 8-3491] module 'full_adder' declared at 'C:/Users/maria/Desktop/calcolatrice_prova_divisione/main_calcolatrice.srcs/sources_1/imports/new/full_adder.vhd:14' bound to instance 'u' of component 'full_adder' [C:/Users/maria/Desktop/calcolatrice_prova_divisione/main_calcolatrice.srcs/sources_1/imports/Downloads/moltiplicatore.vhd:166]
INFO: [Synth 8-3491] module 'full_adder' declared at 'C:/Users/maria/Desktop/calcolatrice_prova_divisione/main_calcolatrice.srcs/sources_1/imports/new/full_adder.vhd:14' bound to instance 'u' of component 'full_adder' [C:/Users/maria/Desktop/calcolatrice_prova_divisione/main_calcolatrice.srcs/sources_1/imports/Downloads/moltiplicatore.vhd:166]
INFO: [Synth 8-3491] module 'full_adder' declared at 'C:/Users/maria/Desktop/calcolatrice_prova_divisione/main_calcolatrice.srcs/sources_1/imports/new/full_adder.vhd:14' bound to instance 'u' of component 'full_adder' [C:/Users/maria/Desktop/calcolatrice_prova_divisione/main_calcolatrice.srcs/sources_1/imports/Downloads/moltiplicatore.vhd:166]
INFO: [Synth 8-3491] module 'full_adder' declared at 'C:/Users/maria/Desktop/calcolatrice_prova_divisione/main_calcolatrice.srcs/sources_1/imports/new/full_adder.vhd:14' bound to instance 'u' of component 'full_adder' [C:/Users/maria/Desktop/calcolatrice_prova_divisione/main_calcolatrice.srcs/sources_1/imports/Downloads/moltiplicatore.vhd:166]
INFO: [Synth 8-3491] module 'full_adder' declared at 'C:/Users/maria/Desktop/calcolatrice_prova_divisione/main_calcolatrice.srcs/sources_1/imports/new/full_adder.vhd:14' bound to instance 'u' of component 'full_adder' [C:/Users/maria/Desktop/calcolatrice_prova_divisione/main_calcolatrice.srcs/sources_1/imports/Downloads/moltiplicatore.vhd:166]
INFO: [Synth 8-3491] module 'full_adder' declared at 'C:/Users/maria/Desktop/calcolatrice_prova_divisione/main_calcolatrice.srcs/sources_1/imports/new/full_adder.vhd:14' bound to instance 'u12' of component 'full_adder' [C:/Users/maria/Desktop/calcolatrice_prova_divisione/main_calcolatrice.srcs/sources_1/imports/Downloads/moltiplicatore.vhd:174]
INFO: [Synth 8-3491] module 'full_adder' declared at 'C:/Users/maria/Desktop/calcolatrice_prova_divisione/main_calcolatrice.srcs/sources_1/imports/new/full_adder.vhd:14' bound to instance 'u13' of component 'full_adder' [C:/Users/maria/Desktop/calcolatrice_prova_divisione/main_calcolatrice.srcs/sources_1/imports/Downloads/moltiplicatore.vhd:179]
INFO: [Synth 8-3491] module 'full_adder' declared at 'C:/Users/maria/Desktop/calcolatrice_prova_divisione/main_calcolatrice.srcs/sources_1/imports/new/full_adder.vhd:14' bound to instance 'u' of component 'full_adder' [C:/Users/maria/Desktop/calcolatrice_prova_divisione/main_calcolatrice.srcs/sources_1/imports/Downloads/moltiplicatore.vhd:182]
INFO: [Synth 8-3491] module 'full_adder' declared at 'C:/Users/maria/Desktop/calcolatrice_prova_divisione/main_calcolatrice.srcs/sources_1/imports/new/full_adder.vhd:14' bound to instance 'u' of component 'full_adder' [C:/Users/maria/Desktop/calcolatrice_prova_divisione/main_calcolatrice.srcs/sources_1/imports/Downloads/moltiplicatore.vhd:182]
INFO: [Synth 8-3491] module 'full_adder' declared at 'C:/Users/maria/Desktop/calcolatrice_prova_divisione/main_calcolatrice.srcs/sources_1/imports/new/full_adder.vhd:14' bound to instance 'u' of component 'full_adder' [C:/Users/maria/Desktop/calcolatrice_prova_divisione/main_calcolatrice.srcs/sources_1/imports/Downloads/moltiplicatore.vhd:182]
INFO: [Synth 8-3491] module 'full_adder' declared at 'C:/Users/maria/Desktop/calcolatrice_prova_divisione/main_calcolatrice.srcs/sources_1/imports/new/full_adder.vhd:14' bound to instance 'u' of component 'full_adder' [C:/Users/maria/Desktop/calcolatrice_prova_divisione/main_calcolatrice.srcs/sources_1/imports/Downloads/moltiplicatore.vhd:182]
INFO: [Synth 8-3491] module 'full_adder' declared at 'C:/Users/maria/Desktop/calcolatrice_prova_divisione/main_calcolatrice.srcs/sources_1/imports/new/full_adder.vhd:14' bound to instance 'u' of component 'full_adder' [C:/Users/maria/Desktop/calcolatrice_prova_divisione/main_calcolatrice.srcs/sources_1/imports/Downloads/moltiplicatore.vhd:182]
INFO: [Synth 8-3491] module 'full_adder' declared at 'C:/Users/maria/Desktop/calcolatrice_prova_divisione/main_calcolatrice.srcs/sources_1/imports/new/full_adder.vhd:14' bound to instance 'u' of component 'full_adder' [C:/Users/maria/Desktop/calcolatrice_prova_divisione/main_calcolatrice.srcs/sources_1/imports/Downloads/moltiplicatore.vhd:182]
INFO: [Common 17-14] Message 'Synth 8-3491' appears 100 times and further instances of the messages will be disabled. Use the Tcl command set_msg_config to change the current settings.
INFO: [Synth 8-256] done synthesizing module 'moltiplicatore' (0#1) [C:/Users/maria/Desktop/calcolatrice_prova_divisione/main_calcolatrice.srcs/sources_1/imports/Downloads/moltiplicatore.vhd:46]
INFO: [Synth 8-638] synthesizing module 'sommatore' [C:/Users/maria/Desktop/calcolatrice_prova_divisione/main_calcolatrice.srcs/sources_1/imports/Downloads/sommatore.vhd:39]
INFO: [Synth 8-256] done synthesizing module 'sommatore' (0#1) [C:/Users/maria/Desktop/calcolatrice_prova_divisione/main_calcolatrice.srcs/sources_1/imports/Downloads/sommatore.vhd:39]
INFO: [Synth 8-638] synthesizing module 'sottrattore' [C:/Users/maria/Desktop/calcolatrice_prova_divisione/main_calcolatrice.srcs/sources_1/new/sottrattore.vhd:12]
INFO: [Synth 8-638] synthesizing module 'sottrattore_positivo' [C:/Users/maria/Desktop/calcolatrice_prova_divisione/main_calcolatrice.srcs/sources_1/imports/new/sottrattore.vhd:40]
INFO: [Synth 8-638] synthesizing module 'full_subtractor' [C:/Users/maria/Desktop/calcolatrice_prova_divisione/main_calcolatrice.srcs/sources_1/imports/new/full_subtractor.vhd:39]
INFO: [Synth 8-256] done synthesizing module 'full_subtractor' (0#1) [C:/Users/maria/Desktop/calcolatrice_prova_divisione/main_calcolatrice.srcs/sources_1/imports/new/full_subtractor.vhd:39]
INFO: [Synth 8-256] done synthesizing module 'sottrattore_positivo' (0#1) [C:/Users/maria/Desktop/calcolatrice_prova_divisione/main_calcolatrice.srcs/sources_1/imports/new/sottrattore.vhd:40]
INFO: [Synth 8-256] done synthesizing module 'sottrattore' (0#1) [C:/Users/maria/Desktop/calcolatrice_prova_divisione/main_calcolatrice.srcs/sources_1/new/sottrattore.vhd:12]
INFO: [Synth 8-638] synthesizing module 'divisore_binario' [C:/Users/maria/Desktop/calcolatrice_prova_divisione/main_calcolatrice.srcs/sources_1/new/divisore.vhd:14]
INFO: [Synth 8-256] done synthesizing module 'divisore_binario' (0#1) [C:/Users/maria/Desktop/calcolatrice_prova_divisione/main_calcolatrice.srcs/sources_1/new/divisore.vhd:14]
INFO: [Synth 8-638] synthesizing module 'up_bit_division' [C:/Users/maria/Desktop/calcolatrice_prova_divisione/main_calcolatrice.srcs/sources_1/new/up_bit_division.vhd:42]
INFO: [Synth 8-256] done synthesizing module 'up_bit_division' (0#1) [C:/Users/maria/Desktop/calcolatrice_prova_divisione/main_calcolatrice.srcs/sources_1/new/up_bit_division.vhd:42]
INFO: [Synth 8-638] synthesizing module 'mux2_to1_division' [C:/Users/maria/Desktop/calcolatrice_prova_divisione/main_calcolatrice.srcs/sources_1/new/mux2_to1_division.vhd:41]
INFO: [Synth 8-256] done synthesizing module 'mux2_to1_division' (0#1) [C:/Users/maria/Desktop/calcolatrice_prova_divisione/main_calcolatrice.srcs/sources_1/new/mux2_to1_division.vhd:41]
INFO: [Synth 8-638] synthesizing module 'mux4_to1' [C:/Users/maria/Desktop/calcolatrice_prova_divisione/main_calcolatrice.srcs/sources_1/new/mux4_to1.vhd:43]
WARNING: [Synth 8-614] signal 'add' is read in the process but is not in the sensitivity list [C:/Users/maria/Desktop/calcolatrice_prova_divisione/main_calcolatrice.srcs/sources_1/new/mux4_to1.vhd:46]
WARNING: [Synth 8-614] signal 'mul' is read in the process but is not in the sensitivity list [C:/Users/maria/Desktop/calcolatrice_prova_divisione/main_calcolatrice.srcs/sources_1/new/mux4_to1.vhd:46]
WARNING: [Synth 8-614] signal 'div' is read in the process but is not in the sensitivity list [C:/Users/maria/Desktop/calcolatrice_prova_divisione/main_calcolatrice.srcs/sources_1/new/mux4_to1.vhd:46]
WARNING: [Synth 8-614] signal 'dif' is read in the process but is not in the sensitivity list [C:/Users/maria/Desktop/calcolatrice_prova_divisione/main_calcolatrice.srcs/sources_1/new/mux4_to1.vhd:46]
INFO: [Synth 8-256] done synthesizing module 'mux4_to1' (0#1) [C:/Users/maria/Desktop/calcolatrice_prova_divisione/main_calcolatrice.srcs/sources_1/new/mux4_to1.vhd:43]
INFO: [Synth 8-638] synthesizing module 'mux2_to1_display' [C:/Users/maria/Desktop/calcolatrice_prova_divisione/main_calcolatrice.srcs/sources_1/new/mux2_to1_display.vhd:45]
WARNING: [Synth 8-614] signal 'control_signal' is read in the process but is not in the sensitivity list [C:/Users/maria/Desktop/calcolatrice_prova_divisione/main_calcolatrice.srcs/sources_1/new/mux2_to1_display.vhd:48]
WARNING: [Synth 8-614] signal 'an_input' is read in the process but is not in the sensitivity list [C:/Users/maria/Desktop/calcolatrice_prova_divisione/main_calcolatrice.srcs/sources_1/new/mux2_to1_display.vhd:48]
WARNING: [Synth 8-614] signal 'in_seven_segment' is read in the process but is not in the sensitivity list [C:/Users/maria/Desktop/calcolatrice_prova_divisione/main_calcolatrice.srcs/sources_1/new/mux2_to1_display.vhd:48]
WARNING: [Synth 8-614] signal 'an_output' is read in the process but is not in the sensitivity list [C:/Users/maria/Desktop/calcolatrice_prova_divisione/main_calcolatrice.srcs/sources_1/new/mux2_to1_display.vhd:48]
WARNING: [Synth 8-614] signal 'out_seven_segment' is read in the process but is not in the sensitivity list [C:/Users/maria/Desktop/calcolatrice_prova_divisione/main_calcolatrice.srcs/sources_1/new/mux2_to1_display.vhd:48]
INFO: [Synth 8-256] done synthesizing module 'mux2_to1_display' (0#1) [C:/Users/maria/Desktop/calcolatrice_prova_divisione/main_calcolatrice.srcs/sources_1/new/mux2_to1_display.vhd:45]
INFO: [Synth 8-638] synthesizing module 'main_seven_segment' [C:/Users/maria/Desktop/calcolatrice_prova_divisione/main_calcolatrice.srcs/sources_1/imports/Downloads/main_seven_segment.vhd:16]
INFO: [Synth 8-638] synthesizing module 'bin_to_7seg' [C:/Users/maria/Desktop/calcolatrice_prova_divisione/main_calcolatrice.srcs/sources_1/imports/Downloads/bin_to_7seg.vhd:13]
INFO: [Synth 8-256] done synthesizing module 'bin_to_7seg' (0#1) [C:/Users/maria/Desktop/calcolatrice_prova_divisione/main_calcolatrice.srcs/sources_1/imports/Downloads/bin_to_7seg.vhd:13]
INFO: [Synth 8-638] synthesizing module 'seven_segment_decoder' [C:/Users/maria/Desktop/calcolatrice_prova_divisione/main_calcolatrice.srcs/sources_1/imports/Downloads/sette_segmenti_codifica.vhd:17]
WARNING: [Synth 8-614] signal 'y' is read in the process but is not in the sensitivity list [C:/Users/maria/Desktop/calcolatrice_prova_divisione/main_calcolatrice.srcs/sources_1/imports/Downloads/sette_segmenti_codifica.vhd:34]
WARNING: [Synth 8-614] signal 'neg' is read in the process but is not in the sensitivity list [C:/Users/maria/Desktop/calcolatrice_prova_divisione/main_calcolatrice.srcs/sources_1/imports/Downloads/sette_segmenti_codifica.vhd:34]
WARNING: [Synth 8-614] signal 'operator' is read in the process but is not in the sensitivity list [C:/Users/maria/Desktop/calcolatrice_prova_divisione/main_calcolatrice.srcs/sources_1/imports/Downloads/sette_segmenti_codifica.vhd:34]
WARNING: [Synth 8-614] signal 'cod_digit_8th' is read in the process but is not in the sensitivity list [C:/Users/maria/Desktop/calcolatrice_prova_divisione/main_calcolatrice.srcs/sources_1/imports/Downloads/sette_segmenti_codifica.vhd:34]
WARNING: [Synth 8-614] signal 'cod_digit_7th' is read in the process but is not in the sensitivity list [C:/Users/maria/Desktop/calcolatrice_prova_divisione/main_calcolatrice.srcs/sources_1/imports/Downloads/sette_segmenti_codifica.vhd:34]
WARNING: [Synth 8-614] signal 'cod_digit_6th' is read in the process but is not in the sensitivity list [C:/Users/maria/Desktop/calcolatrice_prova_divisione/main_calcolatrice.srcs/sources_1/imports/Downloads/sette_segmenti_codifica.vhd:34]
WARNING: [Synth 8-614] signal 'cod_digit_5th' is read in the process but is not in the sensitivity list [C:/Users/maria/Desktop/calcolatrice_prova_divisione/main_calcolatrice.srcs/sources_1/imports/Downloads/sette_segmenti_codifica.vhd:34]
WARNING: [Synth 8-614] signal 'cod_digit_4th' is read in the process but is not in the sensitivity list [C:/Users/maria/Desktop/calcolatrice_prova_divisione/main_calcolatrice.srcs/sources_1/imports/Downloads/sette_segmenti_codifica.vhd:34]
WARNING: [Synth 8-614] signal 'cod_digit_3rd' is read in the process but is not in the sensitivity list [C:/Users/maria/Desktop/calcolatrice_prova_divisione/main_calcolatrice.srcs/sources_1/imports/Downloads/sette_segmenti_codifica.vhd:34]
WARNING: [Synth 8-614] signal 'cod_digit_2nd' is read in the process but is not in the sensitivity list [C:/Users/maria/Desktop/calcolatrice_prova_divisione/main_calcolatrice.srcs/sources_1/imports/Downloads/sette_segmenti_codifica.vhd:34]
WARNING: [Synth 8-614] signal 'cod_digit_1st' is read in the process but is not in the sensitivity list [C:/Users/maria/Desktop/calcolatrice_prova_divisione/main_calcolatrice.srcs/sources_1/imports/Downloads/sette_segmenti_codifica.vhd:34]
INFO: [Synth 8-256] done synthesizing module 'seven_segment_decoder' (0#1) [C:/Users/maria/Desktop/calcolatrice_prova_divisione/main_calcolatrice.srcs/sources_1/imports/Downloads/sette_segmenti_codifica.vhd:17]
INFO: [Synth 8-256] done synthesizing module 'main_seven_segment' (0#1) [C:/Users/maria/Desktop/calcolatrice_prova_divisione/main_calcolatrice.srcs/sources_1/imports/Downloads/main_seven_segment.vhd:16]
INFO: [Synth 8-256] done synthesizing module 'main_calcolatrice' (0#1) [C:/Users/maria/Desktop/calcolatrice_prova_divisione/main_calcolatrice.srcs/sources_1/new/main_calcolatrice.vhd:20]
WARNING: [Synth 8-7129] Port clk in module mux2_to1_display is either unconnected or has no load
WARNING: [Synth 8-7129] Port q[15] in module up_bit_division is either unconnected or has no load
WARNING: [Synth 8-7129] Port q[14] in module up_bit_division is either unconnected or has no load
WARNING: [Synth 8-7129] Port remainder[15] in module up_bit_division is either unconnected or has no load
WARNING: [Synth 8-7129] Port remainder[14] in module up_bit_division is either unconnected or has no load
WARNING: [Synth 8-7129] Port reset in module moltiplicatore is either unconnected or has no load
---------------------------------------------------------------------------------
Finished RTL Elaboration : Time (s): cpu = 00:00:13 ; elapsed = 00:00:14 . Memory (MB): peak = 1445.008 ; gain = 597.309
---------------------------------------------------------------------------------
---------------------------------------------------------------------------------
Start Handling Custom Attributes
---------------------------------------------------------------------------------
---------------------------------------------------------------------------------
Finished Handling Custom Attributes : Time (s): cpu = 00:00:14 ; elapsed = 00:00:14 . Memory (MB): peak = 1445.008 ; gain = 597.309
---------------------------------------------------------------------------------
---------------------------------------------------------------------------------
Finished RTL Optimization Phase 1 : Time (s): cpu = 00:00:14 ; elapsed = 00:00:14 . Memory (MB): peak = 1445.008 ; gain = 597.309
---------------------------------------------------------------------------------
Netlist sorting complete. Time (s): cpu = 00:00:00 ; elapsed = 00:00:00.089 . Memory (MB): peak = 1445.008 ; gain = 0.000
INFO: [Project 1-570] Preparing netlist for logic optimization

Processing XDC Constraints
Initializing timing engine
Parsing XDC File [C:/Users/maria/Desktop/calcolatrice_prova_divisione/main_calcolatrice.srcs/constrs_1/new/calcolatrice.xdc]
Finished Parsing XDC File [C:/Users/maria/Desktop/calcolatrice_prova_divisione/main_calcolatrice.srcs/constrs_1/new/calcolatrice.xdc]
INFO: [Project 1-236] Implementation specific constraints were found while reading constraint file [C:/Users/maria/Desktop/calcolatrice_prova_divisione/main_calcolatrice.srcs/constrs_1/new/calcolatrice.xdc]. These constraints will be ignored for synthesis but will be used in implementation. Impacted constraints are listed in the file [.Xil/main_calcolatrice_propImpl.xdc].
Resolution: To avoid this warning, move constraints listed in [.Xil/main_calcolatrice_propImpl.xdc] to another XDC file and exclude this new file from synthesis with the used_in_synthesis property (File Properties dialog in GUI) and re-run elaboration/synthesis.
Completed Processing XDC Constraints

Netlist sorting complete. Time (s): cpu = 00:00:00 ; elapsed = 00:00:00.002 . Memory (MB): peak = 1479.191 ; gain = 0.000
INFO: [Project 1-111] Unisim Transformation Summary:
No Unisim elements were transformed.

Impossibile trovare il percorso specificato.
Constraint Validation Runtime : Time (s): cpu = 00:00:00 ; elapsed = 00:00:00.021 . Memory (MB): peak = 1479.191 ; gain = 0.000
INFO: [Designutils 20-5440] No compile time benefit to using incremental synthesis; A full resynthesis will be run
INFO: [Designutils 20-4379] Flow is switching to default flow due to incremental criteria not met. If you would like to alter this behaviour and have the flow terminate instead, please set the following parameter config_implementation {autoIncr.Synth.RejectBehavior Terminate}
---------------------------------------------------------------------------------
Finished Constraint Validation : Time (s): cpu = 00:00:25 ; elapsed = 00:00:26 . Memory (MB): peak = 1479.191 ; gain = 631.492
---------------------------------------------------------------------------------
---------------------------------------------------------------------------------
Start Loading Part and Timing Information
---------------------------------------------------------------------------------
Loading part: xc7a35tcpg236-1
---------------------------------------------------------------------------------
Finished Loading Part and Timing Information : Time (s): cpu = 00:00:25 ; elapsed = 00:00:26 . Memory (MB): peak = 1479.191 ; gain = 631.492
---------------------------------------------------------------------------------
---------------------------------------------------------------------------------
Start Applying 'set_property' XDC Constraints
---------------------------------------------------------------------------------
---------------------------------------------------------------------------------
Finished applying 'set_property' XDC Constraints : Time (s): cpu = 00:00:25 ; elapsed = 00:00:26 . Memory (MB): peak = 1479.191 ; gain = 631.492
---------------------------------------------------------------------------------
WARNING: [Synth 8-327] inferring latch for variable 'en_reg' [C:/Users/maria/Desktop/calcolatrice_prova_divisione/main_calcolatrice.srcs/sources_1/new/top_writing_input.vhd:67]
WARNING: [Synth 8-327] inferring latch for variable 'add_reg' [C:/Users/maria/Desktop/calcolatrice_prova_divisione/main_calcolatrice.srcs/sources_1/new/demux1_to4.vhd:53]
WARNING: [Synth 8-327] inferring latch for variable 'mul_reg' [C:/Users/maria/Desktop/calcolatrice_prova_divisione/main_calcolatrice.srcs/sources_1/new/demux1_to4.vhd:54]
WARNING: [Synth 8-327] inferring latch for variable 'div_reg' [C:/Users/maria/Desktop/calcolatrice_prova_divisione/main_calcolatrice.srcs/sources_1/new/demux1_to4.vhd:55]
WARNING: [Synth 8-327] inferring latch for variable 'dif_reg' [C:/Users/maria/Desktop/calcolatrice_prova_divisione/main_calcolatrice.srcs/sources_1/new/demux1_to4.vhd:56]
---------------------------------------------------------------------------------
Finished RTL Optimization Phase 2 : Time (s): cpu = 00:00:30 ; elapsed = 00:00:31 . Memory (MB): peak = 1479.191 ; gain = 631.492
---------------------------------------------------------------------------------
---------------------------------------------------------------------------------
Start RTL Component Statistics 
---------------------------------------------------------------------------------
Detailed RTL Component Info : 
+---Adders : 
	   3 Input   32 Bit       Adders := 18    
	   2 Input   32 Bit       Adders := 16    
	   2 Input   31 Bit       Adders := 10    
	   3 Input   29 Bit       Adders := 1     
	   3 Input   25 Bit       Adders := 1     
	   2 Input   21 Bit       Adders := 13    
	   3 Input   21 Bit       Adders := 1     
	   2 Input   20 Bit       Adders := 14    
	   2 Input   19 Bit       Adders := 1     
	   3 Input   18 Bit       Adders := 1     
	   3 Input   16 Bit       Adders := 15    
	   3 Input   15 Bit       Adders := 2     
	   3 Input   11 Bit       Adders := 2     
	   3 Input    8 Bit       Adders := 2     
	   2 Input    4 Bit       Adders := 10    
+---XORs : 
	   3 Input      1 Bit         XORs := 196   
+---Registers : 
	               16 Bit    Registers := 4     
	                2 Bit    Registers := 1     
	                1 Bit    Registers := 5     
+---Muxes : 
	   2 Input   32 Bit        Muxes := 30    
	   2 Input   31 Bit        Muxes := 11    
	   2 Input   30 Bit        Muxes := 1     
	   2 Input   29 Bit        Muxes := 1     
	   2 Input   28 Bit        Muxes := 2     
	   4 Input   28 Bit        Muxes := 1     
	   2 Input   27 Bit        Muxes := 1     
	   2 Input   26 Bit        Muxes := 1     
	   2 Input   25 Bit        Muxes := 1     
	   2 Input   24 Bit        Muxes := 1     
	   2 Input   23 Bit        Muxes := 1     
	   2 Input   22 Bit        Muxes := 1     
	   2 Input   21 Bit        Muxes := 14    
	   2 Input   20 Bit        Muxes := 1     
	  11 Input   16 Bit        Muxes := 1     
	   2 Input   16 Bit        Muxes := 65    
	   2 Input   14 Bit        Muxes := 2     
	   4 Input    7 Bit        Muxes := 3     
	   2 Input    7 Bit        Muxes := 4     
	   2 Input    5 Bit        Muxes := 1     
	   2 Input    4 Bit        Muxes := 12    
	   4 Input    4 Bit        Muxes := 2     
	   5 Input    2 Bit        Muxes := 1     
	   2 Input    2 Bit        Muxes := 2     
	  11 Input    1 Bit        Muxes := 2     
	   2 Input    1 Bit        Muxes := 328   
	   5 Input    1 Bit        Muxes := 1     
	   4 Input    1 Bit        Muxes := 8     
	   8 Input    1 Bit        Muxes := 1     
---------------------------------------------------------------------------------
Finished RTL Component Statistics 
---------------------------------------------------------------------------------
---------------------------------------------------------------------------------
Start Part Resource Summary
---------------------------------------------------------------------------------
Part Resources:
DSPs: 90 (col length:60)
BRAMs: 100 (col length: RAMB18 60 RAMB36 30)
---------------------------------------------------------------------------------
Finished Part Resource Summary
---------------------------------------------------------------------------------
---------------------------------------------------------------------------------
Start Cross Boundary and Area Optimization
---------------------------------------------------------------------------------
WARNING: [Synth 8-7080] Parallel synthesis criteria is not met
DSP Report: Generating DSP rem_temp_sig_reg, operation Mode is: (C-A*B)'.
DSP Report: register rem_temp_sig_reg is absorbed into DSP rem_temp_sig_reg.
DSP Report: operator rem_temp_sig0 is absorbed into DSP rem_temp_sig_reg.
DSP Report: operator rem_temp_sig1 is absorbed into DSP rem_temp_sig_reg.
WARNING: [Synth 8-7129] Port reset in module moltiplicatore is either unconnected or has no load
---------------------------------------------------------------------------------
Finished Cross Boundary and Area Optimization : Time (s): cpu = 00:01:59 ; elapsed = 00:02:03 . Memory (MB): peak = 1992.387 ; gain = 1144.688
---------------------------------------------------------------------------------
 Sort Area is  rem_temp_sig_reg_0 : 0 0 : 2072 2072 : Used 1 time 0
---------------------------------------------------------------------------------
Start ROM, RAM, DSP, Shift Register and Retiming Reporting
---------------------------------------------------------------------------------

DSP: Preliminary Mapping Report (see note below. The ' indicates corresponding REG is set)
+-----------------+-------------+--------+--------+--------+--------+--------+------+------+------+------+-------+------+------+
|Module Name      | DSP Mapping | A Size | B Size | C Size | D Size | P Size | AREG | BREG | CREG | DREG | ADREG | MREG | PREG | 
+-----------------+-------------+--------+--------+--------+--------+--------+------+------+------+------+-------+------+------+
|divisore_binario | (C-A*B)'    | 16     | 16     | 16     | -      | 16     | 0    | 0    | 0    | -    | -     | 0    | 1    | 
+-----------------+-------------+--------+--------+--------+--------+--------+------+------+------+------+-------+------+------+

Note: The table above is a preliminary report that shows the DSPs inferred at the current stage of the synthesis flow. Some DSP may be reimplemented as non DSP primitives later in the synthesis flow. Multiple instantiated DSPs are reported only once.
---------------------------------------------------------------------------------
Finished ROM, RAM, DSP, Shift Register and Retiming Reporting
---------------------------------------------------------------------------------
---------------------------------------------------------------------------------
Start Applying XDC Timing Constraints
---------------------------------------------------------------------------------
---------------------------------------------------------------------------------
Finished Applying XDC Timing Constraints : Time (s): cpu = 00:02:09 ; elapsed = 00:02:13 . Memory (MB): peak = 1992.387 ; gain = 1144.688
---------------------------------------------------------------------------------
---------------------------------------------------------------------------------
Start Timing Optimization
---------------------------------------------------------------------------------
---------------------------------------------------------------------------------
Finished Timing Optimization : Time (s): cpu = 00:02:12 ; elapsed = 00:02:16 . Memory (MB): peak = 1992.387 ; gain = 1144.688
---------------------------------------------------------------------------------
---------------------------------------------------------------------------------
Start Technology Mapping
---------------------------------------------------------------------------------
---------------------------------------------------------------------------------
Finished Technology Mapping : Time (s): cpu = 00:02:16 ; elapsed = 00:02:20 . Memory (MB): peak = 1992.387 ; gain = 1144.688
---------------------------------------------------------------------------------
---------------------------------------------------------------------------------
Start IO Insertion
---------------------------------------------------------------------------------
---------------------------------------------------------------------------------
Start Flattening Before IO Insertion
---------------------------------------------------------------------------------
---------------------------------------------------------------------------------
Finished Flattening Before IO Insertion
---------------------------------------------------------------------------------
---------------------------------------------------------------------------------
Start Final Netlist Cleanup
---------------------------------------------------------------------------------
---------------------------------------------------------------------------------
Finished Final Netlist Cleanup
---------------------------------------------------------------------------------
---------------------------------------------------------------------------------
Finished IO Insertion : Time (s): cpu = 00:02:22 ; elapsed = 00:02:26 . Memory (MB): peak = 1992.387 ; gain = 1144.688
---------------------------------------------------------------------------------
---------------------------------------------------------------------------------
Start Renaming Generated Instances
---------------------------------------------------------------------------------
---------------------------------------------------------------------------------
Finished Renaming Generated Instances : Time (s): cpu = 00:02:22 ; elapsed = 00:02:26 . Memory (MB): peak = 1992.387 ; gain = 1144.688
---------------------------------------------------------------------------------
---------------------------------------------------------------------------------
Start Rebuilding User Hierarchy
---------------------------------------------------------------------------------
---------------------------------------------------------------------------------
Finished Rebuilding User Hierarchy : Time (s): cpu = 00:02:23 ; elapsed = 00:02:27 . Memory (MB): peak = 1992.387 ; gain = 1144.688
---------------------------------------------------------------------------------
---------------------------------------------------------------------------------
Start Renaming Generated Ports
---------------------------------------------------------------------------------
---------------------------------------------------------------------------------
Finished Renaming Generated Ports : Time (s): cpu = 00:02:23 ; elapsed = 00:02:27 . Memory (MB): peak = 1992.387 ; gain = 1144.688
---------------------------------------------------------------------------------
---------------------------------------------------------------------------------
Start Handling Custom Attributes
---------------------------------------------------------------------------------
---------------------------------------------------------------------------------
Finished Handling Custom Attributes : Time (s): cpu = 00:02:23 ; elapsed = 00:02:27 . Memory (MB): peak = 1992.387 ; gain = 1144.688
---------------------------------------------------------------------------------
---------------------------------------------------------------------------------
Start Renaming Generated Nets
---------------------------------------------------------------------------------
---------------------------------------------------------------------------------
Finished Renaming Generated Nets : Time (s): cpu = 00:02:23 ; elapsed = 00:02:27 . Memory (MB): peak = 1992.387 ; gain = 1144.688
---------------------------------------------------------------------------------
---------------------------------------------------------------------------------
Start Writing Synthesis Report
---------------------------------------------------------------------------------

DSP Final Report (the ' indicates corresponding REG is set)
+-----------------+-------------+--------+--------+--------+--------+--------+------+------+------+------+-------+------+------+
|Module Name      | DSP Mapping | A Size | B Size | C Size | D Size | P Size | AREG | BREG | CREG | DREG | ADREG | MREG | PREG | 
+-----------------+-------------+--------+--------+--------+--------+--------+------+------+------+------+-------+------+------+
|divisore_binario | (C-(A*B))'  | 14     | 16     | 14     | -      | 16     | 0    | 0    | 0    | -    | -     | 0    | 1    | 
+-----------------+-------------+--------+--------+--------+--------+--------+------+------+------+------+-------+------+------+


Report BlackBoxes: 
+-+--------------+----------+
| |BlackBox name |Instances |
+-+--------------+----------+
+-+--------------+----------+

Report Cell Usage: 
+------+--------+------+
|      |Cell    |Count |
+------+--------+------+
|1     |BUFG    |     4|
|2     |CARRY4  |   910|
|3     |DSP48E1 |     1|
|4     |LUT1    |   513|
|5     |LUT2    |  1154|
|6     |LUT3    |  1283|
|7     |LUT4    |  1208|
|8     |LUT5    |   877|
|9     |LUT6    |  2315|
|10    |MUXF7   |     8|
|11    |FDCE    |    40|
|12    |FDRE    |   116|
|13    |FDSE    |     1|
|14    |LD      |   112|
|15    |LDP     |     1|
|16    |IBUF    |    20|
|17    |OBUF    |    12|
+------+--------+------+
---------------------------------------------------------------------------------
Finished Writing Synthesis Report : Time (s): cpu = 00:02:23 ; elapsed = 00:02:27 . Memory (MB): peak = 1992.387 ; gain = 1144.688
---------------------------------------------------------------------------------
Synthesis finished with 0 errors, 0 critical warnings and 7 warnings.
Synthesis Optimization Runtime : Time (s): cpu = 00:02:06 ; elapsed = 00:02:24 . Memory (MB): peak = 1992.387 ; gain = 1110.504
Synthesis Optimization Complete : Time (s): cpu = 00:02:23 ; elapsed = 00:02:27 . Memory (MB): peak = 1992.387 ; gain = 1144.688
INFO: [Project 1-571] Translating synthesized netlist
Netlist sorting complete. Time (s): cpu = 00:00:00 ; elapsed = 00:00:00.145 . Memory (MB): peak = 1992.387 ; gain = 0.000
INFO: [Netlist 29-17] Analyzing 1032 Unisim elements for replacement
INFO: [Netlist 29-28] Unisim Transformation completed in 0 CPU seconds
INFO: [Project 1-570] Preparing netlist for logic optimization
INFO: [Opt 31-138] Pushed 0 inverter(s) to 0 load pin(s).
Netlist sorting complete. Time (s): cpu = 00:00:00 ; elapsed = 00:00:00.002 . Memory (MB): peak = 1992.387 ; gain = 0.000
INFO: [Project 1-111] Unisim Transformation Summary:
  A total of 113 instances were transformed.
  LD => LDCE: 112 instances
  LDP => LDPE: 1 instance 

Impossibile trovare il percorso specificato.
Synth Design complete | Checksum: 714dbc21
INFO: [Common 17-83] Releasing license: Synthesis
167 Infos, 36 Warnings, 0 Critical Warnings and 0 Errors encountered.
synth_design completed successfully
synth_design: Time (s): cpu = 00:02:28 ; elapsed = 00:02:34 . Memory (MB): peak = 1992.387 ; gain = 1534.906
Write ShapeDB Complete: Time (s): cpu = 00:00:00 ; elapsed = 00:00:00.043 . Memory (MB): peak = 1992.387 ; gain = 0.000
INFO: [Common 17-1381] The checkpoint 'C:/Users/maria/Desktop/calcolatrice_prova_divisione/main_calcolatrice.runs/synth_1/main_calcolatrice.dcp' has been generated.
INFO: [runtcl-4] Executing : report_utilization -file main_calcolatrice_utilization_synth.rpt -pb main_calcolatrice_utilization_synth.pb
INFO: [Common 17-206] Exiting Vivado at Wed Dec 13 14:12:16 2023...
